\BOOKMARK [1][-]{section*.7}{\376\377\000S\000e\000z\000n\000a\000m\000\040\000p\000o\000u\001\176\000i\000t\000\375\000c\000h\000\040\000s\000y\000m\000b\000o\000l\001\157\000\040\000a\000\040\000z\000k\000r\000a\000t\000e\000k}{}% 1
\BOOKMARK [2][-]{section*.8}{\376\377\000S\000e\000z\000n\000a\000m\000\040\000s\000y\000m\000b\000o\000l\001\157}{section*.7}% 2
\BOOKMARK [2][-]{table.caption.9}{\376\377\000S\000e\000z\000n\000a\000m\000\040\000z\000k\000r\000a\000t\000e\000k}{section*.7}% 3
\BOOKMARK [2][-]{section*.12}{\376\377\000S\000e\000z\000n\000a\000m\000\040\000p\000o\000u\001\176\000i\000t\000\375\000c\000h\000\040\000i\000n\000d\000e\000x\001\157}{section*.7}% 4
\BOOKMARK [1][-]{table.caption.13}{\376\377\000S\000e\000z\000n\000a\000m\000\040\000o\000b\000r\000\341\000z\000k\001\157}{}% 5
\BOOKMARK [1][-]{section.1}{\376\377\000\332\000v\000o\000d}{}% 6
\BOOKMARK [1][-]{section.2}{\376\377\000M\001\033\001\131\000e\000n\000\355\000\040\000t\000e\000p\000l\000o\000t\000\040\000p\001\131\000i\000\040\000v\000y\000s\000o\000k\000\375\000c\000h\000\040\000p\000o\000d\000z\000v\000u\000k\000o\000v\000\375\000c\000h\000\040\000r\000y\000c\000h\000l\000o\000s\000t\000e\000c\000h}{}% 7
\BOOKMARK [2][-]{subsubsection.2.0.1}{\376\377\000D\000y\000n\000a\000m\000i\000c\000k\000\375\000\040\000o\000h\001\131\000e\000v}{section.2}% 8
\BOOKMARK [3][-]{subsubsection.2.0.2}{\376\377\000R\000e\000s\000t\000i\000t\000u\001\015\000n\000\355\000\040\000f\000a\000k\000t\000o\000r}{subsubsection.2.0.1}% 9
\BOOKMARK [2][-]{subsection.2.1}{\376\377\000D\000y\000n\000a\000m\000i\000c\000k\000\341\000\040\000t\000e\000p\000l\000o\000t\000a}{section.2}% 10
\BOOKMARK [1][-]{section.3}{\376\377\000D\000R\000T\000A\000\040\000s\000o\000n\000d\000a}{}% 11
\BOOKMARK [2][-]{subsection.3.1}{\376\377\000P\000r\000i\000n\000c\000i\000p\000\040\000f\000u\000n\000g\000o\000v\000\341\000n\000\355}{section.3}% 12
\BOOKMARK [3][-]{subsubsection.3.1.1}{\376\377\000V\000\355\000c\000e\000p\000r\000v\000k\000o\000v\000\341\000\040\000s\000o\000n\000d\000a}{subsection.3.1}% 13
\BOOKMARK [2][-]{subsection.3.2}{\376\377\000V\000\375\000c\000h\000o\000z\000\355\000\040\000g\000e\000o\000m\000e\000t\000r\000i\000e}{section.3}% 14
\BOOKMARK [2][-]{subsection.3.3}{\376\377\000C\000\355\000l\000e\000\040\000n\000u\000m\000e\000r\000i\000c\000k\000\375\000c\000h\000\040\000s\000i\000m\000u\000l\000a\000c\000\355}{section.3}% 15
\BOOKMARK [1][-]{section.4}{\376\377\000C\000F\000D\000\040\000m\000o\000d\000e\000l}{}% 16
\BOOKMARK [2][-]{subsection.4.1}{\376\377\000Z\000\341\000k\000l\000a\000d\000n\000\355\000\040\000s\000y\000s\000t\000\351\000m\000\040\000r\000o\000v\000n\000i\000c}{section.4}% 17
\BOOKMARK [3][-]{subsubsection.4.1.1}{\376\377\000R\000o\000v\000n\000i\000c\000e\000\040\000k\000o\000n\000t\000i\000n\000u\000i\000t\000y}{subsection.4.1}% 18
\BOOKMARK [3][-]{subsubsection.4.1.2}{\376\377\000P\000o\000h\000y\000b\000o\000v\000\341\000\040\000r\000o\000v\000n\000i\000c\000e}{subsection.4.1}% 19
\BOOKMARK [3][-]{subsubsection.4.1.3}{\376\377\000E\000n\000e\000r\000g\000e\000t\000i\000c\000k\000\341\000\040\000r\000o\000v\000n\000i\000c\000e}{subsection.4.1}% 20
\BOOKMARK [3][-]{subsubsection.4.1.4}{\376\377\000K\000o\000n\000s\000t\000i\000t\000u\000t\000i\000v\000n\000\355\000\040\000v\000z\000t\000a\000h\000y}{subsection.4.1}% 21
\BOOKMARK [2][-]{subsection.4.2}{\376\377\000M\000o\000d\000e\000l\000\040\000t\000u\000r\000b\000u\000l\000e\000n\000c\000e}{section.4}% 22
\BOOKMARK [2][-]{subsection.4.3}{\376\377\000V\000\375\000p\000o\001\015\000e\000t\000n\000\355\000\040\000g\000e\000o\000m\000e\000t\000r\000i\000e}{section.4}% 23
\BOOKMARK [3][-]{subsubsection.4.3.1}{\376\377\000V\000\375\000p\000o\001\015\000e\000t\000n\000\355\000\040\000o\000b\000l\000a\000s\000t}{subsection.4.3}% 24
\BOOKMARK [3][-]{subsubsection.4.3.2}{\376\377\000V\000y\000u\001\176\000i\000t\000\355\000\040\000s\000y\000m\000e\000t\000r\000i\000e}{subsection.4.3}% 25
\BOOKMARK [3][-]{subsubsection.4.3.3}{\376\377\000M\000a\000t\000e\000r\000i\000\341\000l\000y}{subsection.4.3}% 26
\BOOKMARK [2][-]{subsection.4.4}{\376\377\000O\000k\000r\000a\000j\000o\000v\000\351\000\040\000p\000o\000d\000m\000\355\000n\000k\000y}{section.4}% 27
\BOOKMARK [3][-]{subsubsection.4.4.1}{\376\377\000H\000r\000a\000n\000i\000c\000e\000\040\000v\000\375\000p\000o\001\015\000e\000t\000n\000\355\000\040\000o\000b\000l\000a\000s\000t\000i}{subsection.4.4}% 28
\BOOKMARK [3][-]{subsubsection.4.4.2}{\376\377\000S\000t\001\033\000n\000y}{subsection.4.4}% 29
\BOOKMARK [2][-]{subsection.4.5}{\376\377\000V\000\375\000p\000o\001\015\000e\000t\000n\000\355\000\040\000s\000\355\001\145}{section.4}% 30
\BOOKMARK [3][-]{subsubsection.4.5.1}{\376\377\000P\000o\000v\000r\000c\000h\000o\000v\000\341\000\040\000s\000\355\001\145}{subsection.4.5}% 31
\BOOKMARK [3][-]{subsubsection.4.5.2}{\376\377\000Z\000j\000e\000m\000n\001\033\000n\000\355\000\040\000v\000\040\000m\000e\000z\000n\000\355\000\040\000v\000r\000s\000t\000v\001\033}{subsection.4.5}% 32
\BOOKMARK [3][-]{subsubsection.4.5.3}{\376\377\000O\000b\000j\000e\000m\000o\000v\000\341\000\040\000s\000\355\001\145}{subsection.4.5}% 33
\BOOKMARK [2][-]{subsection.4.6}{\376\377\000N\000u\000m\000e\000r\000i\000c\000k\000\375\000\040\001\131\000e\001\141\000i\001\015}{section.4}% 34
\BOOKMARK [3][-]{subsubsection.4.6.1}{\376\377\000M\000e\000t\000o\000d\000a\000\040\000k\000o\000n\000e\001\015\000n\000\375\000c\000h\000\040\000o\000b\000j\000e\000m\001\157}{subsection.4.6}% 35
\BOOKMARK [3][-]{subsubsection.4.6.2}{\376\377\000O\000d\000h\000a\000d\000\040\000g\000r\000a\000d\000i\000e\000n\000t\000u}{subsection.4.6}% 36
\BOOKMARK [3][-]{subsubsection.4.6.3}{\376\377\000A\000p\000r\000o\000x\000i\000m\000a\000c\000e\000\040\000h\000o\000d\000n\000o\000t\000\040\000n\000a\000\040\000s\000t\001\033\000n\000\341\000c\000h}{subsection.4.6}% 37
\BOOKMARK [3][-]{subsubsection.4.6.4}{\376\377\000N\000u\000m\000e\000r\000i\000c\000k\000\351\000\040\000s\000c\000h\000\351\000m\000a}{subsection.4.6}% 38
\BOOKMARK [1][-]{section.5}{\376\377\000C\000F\000D\000\040\000a\000n\000a\000l\000\375\000z\000a\000\040\000k\000o\000n\000s\000t\000r\000u\000k\001\015\000n\000\355\000c\000h\000\040\000\372\000p\000r\000a\000v}{}% 39
\BOOKMARK [2][-]{subsection.5.1}{\376\377\000S\000t\000u\000d\000i\000e\000\040\000c\000i\000t\000l\000i\000v\000o\000s\000t\000i\000\040\000v\000\375\000p\000o\001\015\000e\000t\000n\000\355\000\040\000s\000\355\000t\001\033}{section.5}% 40
\BOOKMARK [2][-]{subsection.5.2}{\376\377\000S\000o\000n\000d\000a\000\040\000b\000e\000z\000\040\000s\000t\000\355\000n\001\033\000n\000\355\000\040\001\015\000i\000d\000l\000a\000\040\000B}{section.5}% 41
\BOOKMARK [3][-]{subsubsection.5.2.1}{\376\377\000C\000h\000o\000v\000\341\000n\000\355\000\040\000p\001\131\000i\000\040\000r\001\157\000z\000n\000\375\000c\000h\000\040\000r\000y\000c\000h\000l\000o\000s\000t\000e\000c\000h\000\040\000p\000r\000o\000u\000d\001\033\000n\000\355}{subsection.5.2}% 42
\BOOKMARK [3][-]{subsubsection.5.2.2}{\376\377\000S\000m\001\033\000r\000o\000v\000\341\000\040\000c\000i\000t\000l\000i\000v\000o\000s\000t\000\040\000v\000\040\000r\000o\000v\000i\000n\001\033\000\040\000s\000y\000m\000e\000t\000r\000i\000e}{subsection.5.2}% 43
\BOOKMARK [3][-]{subsubsection.5.2.3}{\376\377\000S\000m\001\033\000r\000o\000v\000\341\000\040\000c\000i\000t\000l\000i\000v\000o\000s\000t\000\040\000k\000o\000l\000m\000o\000\040\000n\000a\000\040\000r\000o\000v\000i\000n\000u\000\040\000s\000y\000m\000e\000t\000r\000i\000e}{subsection.5.2}% 44
\BOOKMARK [2][-]{subsection.5.3}{\376\377\000S\000o\000n\000d\000a\000\040\000s\000e\000\040\000s\000t\000\355\000n\001\033\000n\000\355\000m\000\040\001\015\000i\000d\000l\000a\000\040\000B}{section.5}% 45
\BOOKMARK [2][-]{subsection.5.4}{\376\377\000S\000o\000n\000d\000a\000\040\000s\000\040\000r\000o\000z\001\141\000\355\001\131\000e\000n\000\375\000m\000\040\000s\000t\000\355\000n\001\033\000n\000\355\000m\000\040\001\015\000i\000d\000l\000a\000\040\000B}{section.5}% 46
\BOOKMARK [3][-]{subsubsection.5.4.1}{\376\377\000C\000h\000o\000v\000\341\000n\000\355\000\040\000p\001\131\000i\000\040\000r\001\157\000z\000n\000\375\000c\000h\000\040\000r\000y\000c\000h\000l\000o\000s\000t\000e\000c\000h\000\040\000p\000r\000o\000u\000d\001\033\000n\000\355}{subsection.5.4}% 47
\BOOKMARK [3][-]{subsubsection.5.4.2}{\376\377\000S\000m\001\033\000r\000o\000v\000\341\000\040\000c\000i\000t\000l\000i\000v\000o\000s\000t\000\040\000v\000\040\000r\000o\000v\000i\000n\001\033\000\040\000s\000y\000m\000e\000t\000r\000i\000e}{subsection.5.4}% 48
\BOOKMARK [3][-]{subsubsection.5.4.3}{\376\377\000S\000m\001\033\000r\000o\000v\000\341\000\040\000c\000i\000t\000l\000i\000v\000o\000s\000t\000\040\000k\000o\000l\000m\000o\000\040\000n\000a\000\040\000r\000o\000v\000i\000n\000u\000\040\000s\000y\000m\000e\000t\000r\000i\000e}{subsection.5.4}% 49
\BOOKMARK [2][-]{subsection.5.5}{\376\377\000V\000l\000i\000v\000\040\000p\000r\001\157\000m\001\033\000r\000u\000\040\000s\000t\000\355\000n\001\033\000n\000\355\000\040\001\015\000i\000d\000l\000a\000\040\000B}{section.5}% 50
\BOOKMARK [2][-]{subsection.5.6}{\376\377\000V\000l\000i\000v\000\040\000p\000r\001\157\000m\001\033\000r\000u\000\040\000s\000t\000\355\000n\001\033\000n\000\355\000\040\001\015\000i\000d\000l\000a\000\040\000A}{section.5}% 51
\BOOKMARK [2][-]{subsection.5.7}{\376\377\000V\000l\000i\000v\000\040\000p\000o\000l\000o\000h\000y\000\040\000o\000d\000v\001\033\000t\000r\000\341\000n\000\355\000\040\001\015\000i\000d\000l\000a\000\040\000A}{section.5}% 52
\BOOKMARK [2][-]{subsection.5.8}{\376\377\000V\000l\000i\000v\000\040\000p\000r\001\157\000m\001\033\000r\000u\000\040\000o\000d\000v\001\033\000t\000r\000\341\000n\000\355\000\040\001\015\000i\000d\000l\000a\000\040\000A}{section.5}% 53
\BOOKMARK [2][-]{subsection.5.9}{\376\377\000V\000l\000i\000v\000\040\000p\001\131\000i\000d\000\341\000n\000\355\000\040\000d\000i\000v\000e\000r\000g\000e\000n\000t\000n\000\355\000h\000o\000\040\000v\000s\000t\000u\000p\000u\000\040\000p\000r\000o\000\040\001\015\000i\000d\000l\000o\000\040\000A}{section.5}% 54
\BOOKMARK [2][-]{subsection.5.10}{\376\377\000V\000l\000i\000v\000\040\000p\001\131\000i\000d\000\341\000n\000\355\000\040\000k\000a\000v\000i\000t\000y\000\040\000d\000o\000\040\000s\000t\000\355\000n\001\033\000n\000\355\000\040\001\015\000i\000d\000l\000a\000\040\000A}{section.5}% 55
\BOOKMARK [2][-]{subsection.5.11}{\376\377\000V\000l\000i\000v\000\040\000p\001\131\000i\000d\000\341\000n\000\355\000\040\000k\000a\000v\000i\000t\000y\000\040\000d\000o\000\040\000s\000t\000\355\000n\001\033\000n\000\355\000\040\001\015\000i\000d\000l\000a\000\040\000B}{section.5}% 56
\BOOKMARK [2][-]{subsection.5.12}{\376\377\000V\000l\000i\000v\000\040\000m\000a\000t\000e\000r\000i\000\341\000l\000u\000\040\000t\000r\000u\000b\000i\000c\000e\000\040\000s\000o\000n\000d\000y}{section.5}% 57
\BOOKMARK [1][-]{section.6}{\376\377\000N\000\341\000v\000r\000h\000\040\000a\000\040\000a\000n\000a\000l\000\375\000z\000a\000\040\000f\000i\000n\000\341\000l\000n\000\355\000\040\000g\000e\000o\000m\000e\000t\000r\000i\000e}{}% 58
\BOOKMARK [2][-]{subsection.6.1}{\376\377\000N\000\341\000v\000r\000h\000\040\000k\000o\000n\000s\000t\000r\000u\000k\001\015\000n\000\355\000c\000h\000\040\000\372\000p\000r\000a\000v}{section.6}% 59
\BOOKMARK [3][-]{subsubsection.6.1.1}{\376\377\001\014\000i\000d\000l\000o\000\040\000A}{subsection.6.1}% 60
\BOOKMARK [3][-]{subsubsection.6.1.2}{\376\377\001\014\000i\000d\000l\000o\000\040\000B}{subsection.6.1}% 61
\BOOKMARK [3][-]{subsubsection.6.1.3}{\376\377\000M\000a\000t\000e\000r\000i\000\341\000l}{subsection.6.1}% 62
\BOOKMARK [2][-]{subsection.6.2}{\376\377\000C\000F\000D\000\040\000a\000n\000a\000l\000\375\000z\000a}{section.6}% 63
\BOOKMARK [3][-]{subsubsection.6.2.1}{\376\377\000C\000h\000o\000v\000\341\000n\000\355\000\040\000p\001\131\000i\000\040\000r\001\157\000z\000n\000\375\000c\000h\000\040\000r\000y\000c\000h\000l\000o\000s\000t\000e\000c\000h\000\040\000p\000r\000o\000u\000d\001\033\000n\000\355}{subsection.6.2}% 64
\BOOKMARK [3][-]{subsubsection.6.2.2}{\376\377\000S\000m\001\033\000r\000o\000v\000\341\000\040\000c\000i\000t\000l\000i\000v\000o\000s\000t\000\040\000v\000\040\000r\000o\000v\000i\000n\001\033\000\040\000s\000y\000m\000e\000t\000r\000i\000e}{subsection.6.2}% 65
\BOOKMARK [3][-]{subsubsection.6.2.3}{\376\377\000S\000m\001\033\000r\000o\000v\000\341\000\040\000c\000i\000t\000l\000i\000v\000o\000s\000t\000\040\000k\000o\000l\000m\000o\000\040\000n\000a\000\040\000r\000o\000v\000i\000n\000u\000\040\000s\000y\000m\000e\000t\000r\000i\000e}{subsection.6.2}% 66
\BOOKMARK [1][-]{section.7}{\376\377\000Z\000\341\000v\001\033\000r}{}% 67
